TN:
SF:src/presentation/controllers/signUp.ts
FN:8,SignUpController
FN:12,handle
FNF:2
FNH:2
FNDA:8,SignUpController
FNDA:8,handle
DA:1,1
DA:2,1
DA:3,1
DA:4,1
DA:5,1
DA:6,1
DA:7,1
DA:8,1
DA:9,8
DA:10,8
DA:11,8
DA:12,1
DA:13,8
DA:14,8
DA:15,8
DA:16,26
DA:17,4
DA:18,4
DA:19,26
DA:20,8
DA:21,1
DA:22,1
DA:23,3
DA:24,8
DA:25,1
DA:26,1
DA:27,8
DA:28,1
DA:29,1
DA:30,1
DA:31,1
DA:32,8
DA:33,8
DA:34,8
DA:35,8
DA:36,1
DA:37,1
DA:38,1
LF:38
LH:38
BRDA:8,0,0,8
BRDA:12,1,0,8
BRDA:15,2,0,26
BRDA:16,3,0,4
BRDA:20,4,0,4
BRDA:20,5,0,1
BRDA:23,6,0,3
BRDA:24,7,0,1
BRDA:27,8,0,1
BRF:9
BRH:9
end_of_record
TN:
SF:src/presentation/errors/index.ts
FNF:0
FNH:0
DA:1,1
DA:2,1
DA:3,1
LF:3
LH:3
BRF:0
BRH:0
end_of_record
TN:
SF:src/presentation/protocols/index.ts
FN:1,(empty-report)
FNF:1
FNH:0
FNDA:0,(empty-report)
DA:1,0
DA:2,0
DA:3,0
LF:3
LH:0
BRDA:1,0,0,0
BRF:1
BRH:0
end_of_record
