TN:
SF:src/presentation/controllers/signup/signUp.ts
FN:10,SignUpController
FN:15,handle
FNF:2
FNH:2
FNDA:11,SignUpController
FNDA:11,handle
DA:1,1
DA:2,1
DA:3,1
DA:4,1
DA:5,1
DA:6,1
DA:7,1
DA:8,1
DA:9,1
DA:10,1
DA:11,11
DA:12,11
DA:13,11
DA:14,11
DA:15,1
DA:16,11
DA:17,11
DA:18,11
DA:19,38
DA:20,4
DA:21,4
DA:22,38
DA:23,7
DA:24,11
DA:25,1
DA:26,1
DA:27,6
DA:28,11
DA:29,1
DA:30,1
DA:31,4
DA:32,4
DA:33,4
DA:34,4
DA:35,4
DA:36,4
DA:37,4
DA:38,4
DA:39,11
DA:40,2
DA:41,2
DA:42,2
DA:43,2
DA:44,11
DA:45,11
DA:46,11
DA:47,11
DA:48,1
DA:49,1
DA:50,1
LF:50
LH:50
BRDA:10,0,0,11
BRDA:15,1,0,11
BRDA:18,2,0,38
BRDA:19,3,0,4
BRDA:23,4,0,7
BRDA:24,5,0,1
BRDA:27,6,0,6
BRDA:28,7,0,1
BRDA:31,8,0,4
BRDA:39,9,0,2
BRF:10
BRH:10
end_of_record
TN:
SF:src/presentation/helpers/http-helper.ts
FN:4,badRequest
FN:9,serverError
FN:14,ok
FNF:3
FNH:3
FNDA:6,badRequest
FNDA:2,serverError
FNDA:3,ok
DA:1,1
DA:2,1
DA:3,1
DA:4,1
DA:5,6
DA:6,6
DA:7,6
DA:8,6
DA:9,1
DA:10,2
DA:11,2
DA:12,2
DA:13,2
DA:14,1
DA:15,3
DA:16,3
DA:17,3
DA:18,3
LF:18
LH:18
BRDA:4,0,0,6
BRDA:9,1,0,2
BRDA:14,2,0,3
BRF:3
BRH:3
end_of_record
